2020-04-10 15:03:22,206 INFO c.Client [main] *******************************************************************
2020-04-10 15:03:22,227 INFO c.Client [main] [Client1] Initialized Topology:all-to-all
2020-04-10 15:03:22,228 INFO c.Client [main] [Client1] Push or Pull:Push, TTR:-1
2020-04-10 15:03:22,228 INFO c.Client [main] *******************************************************************
2020-04-10 15:03:22,228 ERROR c.Client [main] [Client1] Client exception: Unable to load topology.
2020-04-10 15:03:22,234 ERROR s.Server [main] [Client1] Server exception: Unable to load config.
2020-04-10 15:03:22,234 INFO s.Server [main] [Client1] java.rmi.server.hostname:localhost
2020-04-10 15:03:22,384 ERROR s.Server [main] [Client1] Server exception: Unable to init Server.
2020-04-10 15:03:22,384 INFO s.Server [main] *******************************************************************
2020-04-10 15:03:22,384 INFO c.Client [main] *******************************************************************
2020-04-10 15:03:22,384 INFO c.Client [main] [Client1] Client1 Files Directory:F:\Clients\Client1\files\master
2020-04-10 15:03:22,384 INFO c.Client [main] [Client1] Client1 Available Files:
2020-04-10 15:04:17,982 INFO c.Client [main] *******************************************************************
2020-04-10 15:04:17,992 INFO c.Client [main] [Client1] Initialized Topology:all-to-all
2020-04-10 15:04:17,992 INFO c.Client [main] [Client1] Push or Pull:Push, TTR:-1
2020-04-10 15:04:17,992 INFO c.Client [main] *******************************************************************
2020-04-10 15:04:17,993 ERROR c.Client [main] [Client1] Client exception: Unable to load topology.
2020-04-10 15:04:17,997 ERROR s.Server [main] [Client1] Server exception: Unable to load config.
2020-04-10 15:04:17,997 INFO s.Server [main] [Client1] java.rmi.server.hostname:localhost
2020-04-10 15:04:18,044 ERROR s.Server [main] [Client1] Server exception: Unable to init Server.
2020-04-10 15:04:18,059 INFO s.Server [main] *******************************************************************
2020-04-10 15:04:18,059 INFO c.Client [main] *******************************************************************
2020-04-10 15:04:18,059 INFO c.Client [main] [Client1] Client1 Files Directory:F:\Clients\Client1\files\master
2020-04-10 15:04:18,059 INFO c.Client [main] [Client1] Client1 Available Files:
